build/outputs/logs/manifest-merger-release-report.txt
-- Merging decision tree log ---
manifest
ADDED from AndroidManifest.xml:2:1-197:12
	package
		ADDED from AndroidManifest.xml:3:5-35
	android:versionName
		ADDED from AndroidManifest.xml:5:5-32
		INJECTED from AndroidManifest.xml
		INJECTED from AndroidManifest.xml
	android:versionCode
		ADDED from AndroidManifest.xml:4:5-28
		INJECTED from AndroidManifest.xml
		INJECTED from AndroidManifest.xml
	xmlns:android
		ADDED from AndroidManifest.xml:2:11-69
uses-sdk
ADDED from AndroidManifest.xml:7:5-9:41
	android:targetSdkVersion
		ADDED from AndroidManifest.xml:9:9-38
	android:minSdkVersion
		ADDED from AndroidManifest.xml:8:9-35
uses-permission#android.permission.INTERNET
ADDED from AndroidManifest.xml:11:5-66
	android:name
		ADDED from AndroidManifest.xml:11:22-64
uses-permission#android.permission.ACCESS_WIFI_STATE
ADDED from AndroidManifest.xml:12:5-75
	android:name
		ADDED from AndroidManifest.xml:12:22-73
uses-permission#android.permission.CHANGE_WIFI_STATE
ADDED from AndroidManifest.xml:13:5-75
	android:name
		ADDED from AndroidManifest.xml:13:22-73
uses-permission#android.permission.ACCESS_NETWORK_STATE
ADDED from AndroidManifest.xml:14:5-78
	android:name
		ADDED from AndroidManifest.xml:14:22-76
uses-permission#android.permission.CHANGE_NETWORK_STATE
ADDED from AndroidManifest.xml:15:5-78
	android:name
		ADDED from AndroidManifest.xml:15:22-76
uses-permission#android.permission.WRITE_EXTERNAL_STORAGE
ADDED from AndroidManifest.xml:16:5-80
	android:name
		ADDED from AndroidManifest.xml:16:22-78
uses-permission#android.permission.READ_PHONE_STATE
ADDED from AndroidManifest.xml:18:5-75
	android:name
		ADDED from AndroidManifest.xml:18:22-72
uses-permission#android.permission.READ_EXTERNAL_STORAGE
ADDED from AndroidManifest.xml:19:5-80
	android:name
		ADDED from AndroidManifest.xml:19:22-77
uses-permission#android.permission.WAKE_LOCK
ADDED from AndroidManifest.xml:21:5-68
	android:name
		ADDED from AndroidManifest.xml:21:22-65
uses-permission#android.permission.MOUNT_UNMOUNT_FILESYSTEMS
ADDED from AndroidManifest.xml:22:5-84
	android:name
		ADDED from AndroidManifest.xml:22:22-81
application
ADDED from AndroidManifest.xml:24:5-195:19
	android:label
		ADDED from AndroidManifest.xml:27:9-41
	android:allowBackup
		ADDED from AndroidManifest.xml:25:9-35
	android:icon
		ADDED from AndroidManifest.xml:26:9-45
	android:theme
		ADDED from AndroidManifest.xml:28:9-40
activity#com.onion.appsbackup.activity.SplashActivity
ADDED from AndroidManifest.xml:31:9-41:20
	android:screenOrientation
		ADDED from AndroidManifest.xml:34:13-49
	android:configChanges
		ADDED from AndroidManifest.xml:33:13-85
	android:theme
		ADDED from AndroidManifest.xml:35:13-59
	android:name
		ADDED from AndroidManifest.xml:32:13-72
intent-filter#android.intent.action.MAIN+android.intent.category.LAUNCHER
ADDED from AndroidManifest.xml:36:13-40:29
action#android.intent.action.MAIN
ADDED from AndroidManifest.xml:37:17-69
	android:name
		ADDED from AndroidManifest.xml:37:25-66
category#android.intent.category.LAUNCHER
ADDED from AndroidManifest.xml:39:17-77
	android:name
		ADDED from AndroidManifest.xml:39:27-74
activity#com.onion.appsbackup.activity.LoginActivity
ADDED from AndroidManifest.xml:44:9-49:20
	android:screenOrientation
		ADDED from AndroidManifest.xml:47:13-49
	android:configChanges
		ADDED from AndroidManifest.xml:46:13-85
	android:theme
		ADDED from AndroidManifest.xml:48:13-81
	android:name
		ADDED from AndroidManifest.xml:45:13-71
activity#com.onion.appsbackup.activity.RegisterActivity
ADDED from AndroidManifest.xml:52:9-59:20
	android:screenOrientation
		ADDED from AndroidManifest.xml:56:13-49
	android:label
		ADDED from AndroidManifest.xml:55:13-45
	android:windowSoftInputMode
		ADDED from AndroidManifest.xml:58:13-61
	android:configChanges
		ADDED from AndroidManifest.xml:54:13-85
	android:theme
		ADDED from AndroidManifest.xml:57:13-81
	android:name
		ADDED from AndroidManifest.xml:53:13-74
activity#com.onion.appsbackup.activity.MainActivity
ADDED from AndroidManifest.xml:62:9-68:20
	android:screenOrientation
		ADDED from AndroidManifest.xml:66:13-49
	android:label
		ADDED from AndroidManifest.xml:65:13-45
	android:configChanges
		ADDED from AndroidManifest.xml:64:13-85
	android:theme
		ADDED from AndroidManifest.xml:67:13-81
	android:name
		ADDED from AndroidManifest.xml:63:13-70
activity#com.onion.appsbackup.activity.SettingActivity
ADDED from AndroidManifest.xml:71:9-77:20
	android:screenOrientation
		ADDED from AndroidManifest.xml:75:13-49
	android:label
		ADDED from AndroidManifest.xml:74:13-45
	android:configChanges
		ADDED from AndroidManifest.xml:73:13-85
	android:theme
		ADDED from AndroidManifest.xml:76:13-81
	android:name
		ADDED from AndroidManifest.xml:72:13-73
activity#com.onion.appsbackup.activity.AboutActivity
ADDED from AndroidManifest.xml:80:9-85:84
	android:screenOrientation
		ADDED from AndroidManifest.xml:84:13-49
	android:label
		ADDED from AndroidManifest.xml:83:13-45
	android:configChanges
		ADDED from AndroidManifest.xml:82:13-85
	android:theme
		ADDED from AndroidManifest.xml:85:13-81
	android:name
		ADDED from AndroidManifest.xml:81:13-71
activity#com.onion.appsbackup.activity.BackupActivity
ADDED from AndroidManifest.xml:88:9-94:20
	android:screenOrientation
		ADDED from AndroidManifest.xml:92:13-49
	android:label
		ADDED from AndroidManifest.xml:91:13-45
	android:configChanges
		ADDED from AndroidManifest.xml:90:13-85
	android:theme
		ADDED from AndroidManifest.xml:93:13-81
	android:name
		ADDED from AndroidManifest.xml:89:13-72
activity#com.onion.appsbackup.activity.RestoreActivity
ADDED from AndroidManifest.xml:97:9-103:20
	android:screenOrientation
		ADDED from AndroidManifest.xml:101:13-49
	android:label
		ADDED from AndroidManifest.xml:100:13-45
	android:configChanges
		ADDED from AndroidManifest.xml:99:13-85
	android:theme
		ADDED from AndroidManifest.xml:102:13-81
	android:name
		ADDED from AndroidManifest.xml:98:13-73
activity#com.onion.appsbackup.activity.SendActivity
ADDED from AndroidManifest.xml:106:9-112:20
	android:screenOrientation
		ADDED from AndroidManifest.xml:110:13-49
	android:label
		ADDED from AndroidManifest.xml:109:13-45
	android:configChanges
		ADDED from AndroidManifest.xml:108:13-85
	android:theme
		ADDED from AndroidManifest.xml:111:13-81
	android:name
		ADDED from AndroidManifest.xml:107:13-70
activity#com.onion.appsbackup.activity.ReceiveActivity
ADDED from AndroidManifest.xml:115:9-121:20
	android:screenOrientation
		ADDED from AndroidManifest.xml:119:13-49
	android:label
		ADDED from AndroidManifest.xml:118:13-45
	android:configChanges
		ADDED from AndroidManifest.xml:117:13-85
	android:theme
		ADDED from AndroidManifest.xml:120:13-81
	android:name
		ADDED from AndroidManifest.xml:116:13-73
activity#com.tencent.tauth.AuthActivity
ADDED from AndroidManifest.xml:159:9-171:20
	android:launchMode
		ADDED from AndroidManifest.xml:161:13-44
	android:noHistory
		ADDED from AndroidManifest.xml:162:13-37
	android:name
		ADDED from AndroidManifest.xml:160:13-58
intent-filter#android.intent.action.VIEW+android.intent.category.BROWSABLE+android.intent.category.DEFAULT
ADDED from AndroidManifest.xml:163:13-170:29
action#android.intent.action.VIEW
ADDED from AndroidManifest.xml:164:17-69
	android:name
		ADDED from AndroidManifest.xml:164:25-66
category#android.intent.category.DEFAULT
ADDED from AndroidManifest.xml:166:17-76
	android:name
		ADDED from AndroidManifest.xml:166:27-73
category#android.intent.category.BROWSABLE
ADDED from AndroidManifest.xml:167:17-78
	android:name
		ADDED from AndroidManifest.xml:167:27-75
data
ADDED from AndroidManifest.xml:169:17-60
	android:scheme
		ADDED from AndroidManifest.xml:169:23-57
activity#com.tencent.connect.common.AssistActivity
ADDED from AndroidManifest.xml:172:9-175:75
	android:configChanges
		ADDED from AndroidManifest.xml:174:13-74
	android:theme
		ADDED from AndroidManifest.xml:175:13-72
	android:name
		ADDED from AndroidManifest.xml:173:13-69
service#com.umeng.update.net.DownloadingService
ADDED from AndroidManifest.xml:178:9-181:19
	android:process
		ADDED from AndroidManifest.xml:180:13-50
	android:name
		ADDED from AndroidManifest.xml:179:13-67
activity#com.umeng.update.UpdateDialogActivity
ADDED from AndroidManifest.xml:183:9-186:20
	android:theme
		ADDED from AndroidManifest.xml:185:13-72
	android:name
		ADDED from AndroidManifest.xml:184:13-65
meta-data#UMENG_APPKEY
ADDED from AndroidManifest.xml:188:9-191:21
	android:value
		ADDED from AndroidManifest.xml:190:13-53
	android:name
		ADDED from AndroidManifest.xml:189:13-40
meta-data#UMENG_CHANNEL
ADDED from AndroidManifest.xml:192:9-194:40
	android:value
		ADDED from AndroidManifest.xml:194:13-37
	android:name
		ADDED from AndroidManifest.xml:193:13-41